<?xml version="1.0" encoding="UTF-8"?>
<testsuite name="org.zerock.mapper.BoardMapperTests" tests="1" skipped="0" failures="0" errors="0" timestamp="2021-01-15T10:33:10" hostname="hwangjeonghyeon-ui-MacBookPro.local" time="0.162">
  <properties/>
  <testcase name="selectBoard" classname="org.zerock.mapper.BoardMapperTests" time="0.162"/>
  <system-out><![CDATA[INFO  [DefaultTestContextBootstrapper:248] - Loaded default TestExecutionListener class names from location [META-INF/spring.factories]: [org.springframework.test.context.web.ServletTestExecutionListener, org.springframework.test.context.support.DirtiesContextBeforeModesTestExecutionListener, org.springframework.test.context.support.DependencyInjectionTestExecutionListener, org.springframework.test.context.support.DirtiesContextTestExecutionListener, org.springframework.test.context.transaction.TransactionalTestExecutionListener, org.springframework.test.context.jdbc.SqlScriptsTestExecutionListener]
INFO  [DefaultTestContextBootstrapper:177] - Using TestExecutionListeners: [org.springframework.test.context.web.ServletTestExecutionListener@36cbd81d, org.springframework.test.context.support.DirtiesContextBeforeModesTestExecutionListener@746db83, org.springframework.test.context.support.DependencyInjectionTestExecutionListener@54e2ea12, org.springframework.test.context.support.DirtiesContextTestExecutionListener@7d581d0a, org.springframework.test.context.transaction.TransactionalTestExecutionListener@153b398c, org.springframework.test.context.jdbc.SqlScriptsTestExecutionListener@2490726b]
INFO  [XmlBeanDefinitionReader:316] - Loading XML bean definitions from URL [file:src/main/webapp/WEB-INF/spring/root-context.xml]
INFO  [GenericApplicationContext:590] - Refreshing org.springframework.context.support.GenericApplicationContext@a44137d: startup date [Fri Jan 15 19:33:09 KST 2021]; root of context hierarchy
INFO  [AutowiredAnnotationBeanPostProcessor:154] - JSR-330 'javax.inject.Inject' annotation found and supported for autowiring
INFO  [HikariDataSource:71] - HikariPool-1 - Starting...
INFO  [connection:541] - 1. Connection opened
INFO  [audit:175] - 1. Connection.new Connection returned 
INFO  [PoolBase:526] - HikariPool-1 - Driver does not support get/set network timeout for connections. (net.sf.log4jdbc.sql.jdbcapi.ConnectionSpy.getNetworkTimeout()I)
INFO  [audit:175] - 1. Connection.setReadOnly(false) returned 
INFO  [audit:175] - 1. Connection.setAutoCommit(true) returned 
INFO  [audit:175] - 1. Connection.isValid(1) returned true
INFO  [audit:175] - 1. Connection.getTransactionIsolation() returned 2
INFO  [HikariDataSource:73] - HikariPool-1 - Start completed.
INFO  [connection:541] - 2. Connection opened
INFO  [audit:175] - 2. Connection.new Connection returned 
INFO  [audit:175] - 2. Connection.setReadOnly(false) returned 
INFO  [audit:175] - 2. Connection.setAutoCommit(true) returned 
INFO  [connection:541] - 3. Connection opened
INFO  [audit:175] - 3. Connection.new Connection returned 
INFO  [audit:175] - 3. Connection.setReadOnly(false) returned 
INFO  [audit:175] - 3. Connection.setAutoCommit(true) returned 
INFO  [audit:175] - 1. Connection.getAutoCommit() returned true
INFO  [connection:541] - 4. Connection opened
INFO  [audit:175] - 4. Connection.new Connection returned 
INFO  [audit:175] - 4. Connection.setReadOnly(false) returned 
INFO  [audit:175] - 4. Connection.setAutoCommit(true) returned 
INFO  [connection:541] - 5. Connection opened
INFO  [audit:175] - 5. Connection.new Connection returned 
INFO  [audit:175] - 5. Connection.setReadOnly(false) returned 
INFO  [audit:175] - 5. Connection.setAutoCommit(true) returned 
INFO  [audit:175] - 1. PreparedStatement.new PreparedStatement returned 
INFO  [audit:175] - 1. Connection.prepareStatement(Select * from tbl_board where bno > 0) returned net.sf.log4jdbc.sql.jdbcapi.PreparedStatementSpy@13699c0f
INFO  [sqlonly:228] - Select * from tbl_board where bno > 0 

INFO  [sqltiming:373] - Select * from tbl_board where bno > 0 
 {executed in 13 msec}
INFO  [audit:175] - 1. PreparedStatement.execute() returned true
INFO  [resultset:175] - 1. ResultSet.new ResultSet returned 
INFO  [audit:175] - 1. PreparedStatement.getResultSet() returned net.sf.log4jdbc.sql.jdbcapi.ResultSetSpy@4b3fda79
INFO  [resultset:175] - 1. ResultSet.getMetaData() returned oracle.jdbc.driver.OracleResultSetMetaData@5bd255c
INFO  [resultset:175] - 1. ResultSet.getType() returned 1003
INFO  [resultset:175] - 1. ResultSet.next() returned true
INFO  [connection:541] - 6. Connection opened
INFO  [audit:175] - 6. Connection.new Connection returned 
INFO  [audit:175] - 6. Connection.setReadOnly(false) returned 
INFO  [audit:175] - 6. Connection.setAutoCommit(true) returned 
INFO  [resultset:175] - 1. ResultSet.getLong(BNO) returned 1
INFO  [resultset:175] - 1. ResultSet.wasNull() returned false
INFO  [resultset:175] - 1. ResultSet.getString(TITLE) returned 테스트 제목
INFO  [resultset:175] - 1. ResultSet.wasNull() returned false
INFO  [resultset:175] - 1. ResultSet.getString(CONTENT) returned 테스트 내용
INFO  [resultset:175] - 1. ResultSet.wasNull() returned false
INFO  [resultset:175] - 1. ResultSet.getString(WRITER) returned user00
INFO  [resultset:175] - 1. ResultSet.wasNull() returned false
INFO  [resultset:175] - 1. ResultSet.getTimestamp(REGDATE) returned 2021-01-15 10:14:45.0
INFO  [resultset:175] - 1. ResultSet.wasNull() returned false
INFO  [resultset:175] - 1. ResultSet.getTimestamp(UPDATEDATE) returned 2021-01-15 10:14:45.0
INFO  [resultset:175] - 1. ResultSet.wasNull() returned false
INFO  [resultset:175] - 1. ResultSet.next() returned true
INFO  [resultset:175] - 1. ResultSet.getLong(BNO) returned 2
INFO  [resultset:175] - 1. ResultSet.wasNull() returned false
INFO  [resultset:175] - 1. ResultSet.getString(TITLE) returned 테스트 제목
INFO  [resultset:175] - 1. ResultSet.wasNull() returned false
INFO  [resultset:175] - 1. ResultSet.getString(CONTENT) returned 테스트 내용
INFO  [resultset:175] - 1. ResultSet.wasNull() returned false
INFO  [resultset:175] - 1. ResultSet.getString(WRITER) returned user00
INFO  [resultset:175] - 1. ResultSet.wasNull() returned false
INFO  [resultset:175] - 1. ResultSet.getTimestamp(REGDATE) returned 2021-01-15 10:15:09.0
INFO  [resultset:175] - 1. ResultSet.wasNull() returned false
INFO  [resultset:175] - 1. ResultSet.getTimestamp(UPDATEDATE) returned 2021-01-15 10:15:09.0
INFO  [resultset:175] - 1. ResultSet.wasNull() returned false
INFO  [resultset:175] - 1. ResultSet.next() returned true
INFO  [resultset:175] - 1. ResultSet.getLong(BNO) returned 3
INFO  [resultset:175] - 1. ResultSet.wasNull() returned false
INFO  [resultset:175] - 1. ResultSet.getString(TITLE) returned 테스트 제목
INFO  [resultset:175] - 1. ResultSet.wasNull() returned false
INFO  [resultset:175] - 1. ResultSet.getString(CONTENT) returned 테스트 내용
INFO  [resultset:175] - 1. ResultSet.wasNull() returned false
INFO  [resultset:175] - 1. ResultSet.getString(WRITER) returned user00
INFO  [resultset:175] - 1. ResultSet.wasNull() returned false
INFO  [resultset:175] - 1. ResultSet.getTimestamp(REGDATE) returned 2021-01-15 10:15:12.0
INFO  [resultset:175] - 1. ResultSet.wasNull() returned false
INFO  [resultset:175] - 1. ResultSet.getTimestamp(UPDATEDATE) returned 2021-01-15 10:15:12.0
INFO  [resultset:175] - 1. ResultSet.wasNull() returned false
INFO  [resultset:175] - 1. ResultSet.next() returned true
INFO  [resultset:175] - 1. ResultSet.getLong(BNO) returned 4
INFO  [resultset:175] - 1. ResultSet.wasNull() returned false
INFO  [resultset:175] - 1. ResultSet.getString(TITLE) returned 테스트 제목
INFO  [resultset:175] - 1. ResultSet.wasNull() returned false
INFO  [resultset:175] - 1. ResultSet.getString(CONTENT) returned 테스트 내용
INFO  [resultset:175] - 1. ResultSet.wasNull() returned false
INFO  [resultset:175] - 1. ResultSet.getString(WRITER) returned user00
INFO  [resultset:175] - 1. ResultSet.wasNull() returned false
INFO  [resultset:175] - 1. ResultSet.getTimestamp(REGDATE) returned 2021-01-15 10:15:13.0
INFO  [resultset:175] - 1. ResultSet.wasNull() returned false
INFO  [resultset:175] - 1. ResultSet.getTimestamp(UPDATEDATE) returned 2021-01-15 10:15:13.0
INFO  [resultset:175] - 1. ResultSet.wasNull() returned false
INFO  [resultset:175] - 1. ResultSet.next() returned true
INFO  [resultset:175] - 1. ResultSet.getLong(BNO) returned 5
INFO  [resultset:175] - 1. ResultSet.wasNull() returned false
INFO  [resultset:175] - 1. ResultSet.getString(TITLE) returned 테스트 제목
INFO  [resultset:175] - 1. ResultSet.wasNull() returned false
INFO  [resultset:175] - 1. ResultSet.getString(CONTENT) returned 테스트 내용
INFO  [resultset:175] - 1. ResultSet.wasNull() returned false
INFO  [resultset:175] - 1. ResultSet.getString(WRITER) returned user00
INFO  [resultset:175] - 1. ResultSet.wasNull() returned false
INFO  [resultset:175] - 1. ResultSet.getTimestamp(REGDATE) returned 2021-01-15 10:15:14.0
INFO  [resultset:175] - 1. ResultSet.wasNull() returned false
INFO  [resultset:175] - 1. ResultSet.getTimestamp(UPDATEDATE) returned 2021-01-15 10:15:14.0
INFO  [resultset:175] - 1. ResultSet.wasNull() returned false
INFO  [resultsettable:610] - 
|----|-------|--------|-------|----------------------|----------------------|
|bno |title  |content |writer |regdate               |updatedate            |
|----|-------|--------|-------|----------------------|----------------------|
|1   |테스트 제목 |테스트 내용  |user00 |2021-01-15 10:14:45.0 |2021-01-15 10:14:45.0 |
|2   |테스트 제목 |테스트 내용  |user00 |2021-01-15 10:15:09.0 |2021-01-15 10:15:09.0 |
|3   |테스트 제목 |테스트 내용  |user00 |2021-01-15 10:15:12.0 |2021-01-15 10:15:12.0 |
|4   |테스트 제목 |테스트 내용  |user00 |2021-01-15 10:15:13.0 |2021-01-15 10:15:13.0 |
|5   |테스트 제목 |테스트 내용  |user00 |2021-01-15 10:15:14.0 |2021-01-15 10:15:14.0 |
|----|-------|--------|-------|----------------------|----------------------|

INFO  [resultset:175] - 1. ResultSet.next() returned false
INFO  [resultset:175] - 1. ResultSet.close() returned void
INFO  [audit:175] - 1. Connection.getMetaData() returned oracle.jdbc.driver.OracleDatabaseMetaData@6861fa76
INFO  [audit:175] - 1. PreparedStatement.isClosed() returned false
INFO  [audit:175] - 1. PreparedStatement.close() returned 
INFO  [audit:175] - 1. Connection.clearWarnings() returned 
INFO  [BoardMapperTests:21] - BoardVO(bno=1, title=테스트 제목, content=테스트 내용, writer=user00, regDate=Fri Jan 15 10:14:45 KST 2021, updateDate=Fri Jan 15 10:14:45 KST 2021)
INFO  [BoardMapperTests:21] - BoardVO(bno=2, title=테스트 제목, content=테스트 내용, writer=user00, regDate=Fri Jan 15 10:15:09 KST 2021, updateDate=Fri Jan 15 10:15:09 KST 2021)
INFO  [BoardMapperTests:21] - BoardVO(bno=3, title=테스트 제목, content=테스트 내용, writer=user00, regDate=Fri Jan 15 10:15:12 KST 2021, updateDate=Fri Jan 15 10:15:12 KST 2021)
INFO  [BoardMapperTests:21] - BoardVO(bno=4, title=테스트 제목, content=테스트 내용, writer=user00, regDate=Fri Jan 15 10:15:13 KST 2021, updateDate=Fri Jan 15 10:15:13 KST 2021)
INFO  [BoardMapperTests:21] - BoardVO(bno=5, title=테스트 제목, content=테스트 내용, writer=user00, regDate=Fri Jan 15 10:15:14 KST 2021, updateDate=Fri Jan 15 10:15:14 KST 2021)
]]></system-out>
  <system-err><![CDATA[log4j:WARN No such property [tã]]>&#x97;<![CDATA[arget] in org.apache.log4j.ConsoleAppender.
]]></system-err>
</testsuite>
