<?xml version="1.0" encoding="UTF-8"?>
<testsuite name="org.zerock.persistence.JDBCTests" tests="1" skipped="0" failures="0" errors="0" timestamp="2021-01-25T14:41:52" hostname="hwangjeonghyeon-ui-MacBookPro.local" time="0.186">
  <properties/>
  <testcase name="testConnection" classname="org.zerock.persistence.JDBCTests" time="0.186"/>
  <system-out><![CDATA[INFO  [JDBCTests:31] - oracle.jdbc.driver.T4CConnection@331703fc
]]></system-out>
  <system-err><![CDATA[]]></system-err>
</testsuite>
