<?xml version="1.0" encoding="UTF-8"?>
<testsuite name="org.zerock.persistence.DataSourceTest" tests="1" skipped="0" failures="0" errors="0" timestamp="2021-01-13T15:29:30" hostname="hwangjeonghyeon-ui-MacBookPro.local" time="0.009">
  <properties/>
  <testcase name="testConnection" classname="org.zerock.persistence.DataSourceTest" time="0.009"/>
  <system-out><![CDATA[INFO  [DataSourceTest:30] - HikariProxyConnection@497309734 wrapping oracle.jdbc.driver.T4CConnection@3593204e
]]></system-out>
  <system-err><![CDATA[SLF4J: Failed to load class "org.slf4j.impl.StaticLoggerBinder".
SLF4J: Defaulting to no-operation (NOP) logger implementation
SLF4J: See http://www.slf4j.org/codes.html#StaticLoggerBinder for further details.
]]></system-err>
</testsuite>
