<?xml version="1.0" encoding="UTF-8"?>
<testsuite name="org.zerock.controller.ReplyControllerTests" tests="1" skipped="0" failures="1" errors="0" timestamp="2021-01-19T14:13:29" hostname="hwangjeonghyeon-ui-MacBookPro.local" time="0.001">
  <properties/>
  <testcase name="testRegister" classname="org.zerock.controller.ReplyControllerTests" time="0.001">
    <failure message="java.lang.IllegalStateException: Failed to load ApplicationContext" type="java.lang.IllegalStateException">java.lang.IllegalStateException: Failed to load ApplicationContext
	at org.springframework.test.context.cache.DefaultCacheAwareContextLoaderDelegate.loadContext(DefaultCacheAwareContextLoaderDelegate.java:125)
	at org.springframework.test.context.support.DefaultTestContext.getApplicationContext(DefaultTestContext.java:108)
	at org.springframework.test.context.support.DependencyInjectionTestExecutionListener.injectDependencies(DependencyInjectionTestExecutionListener.java:117)
	at org.springframework.test.context.support.DependencyInjectionTestExecutionListener.prepareTestInstance(DependencyInjectionTestExecutionListener.java:83)
	at org.springframework.test.context.TestContextManager.prepareTestInstance(TestContextManager.java:246)
	at org.springframework.test.context.junit4.SpringJUnit4ClassRunner.createTest(SpringJUnit4ClassRunner.java:227)
	at org.springframework.test.context.junit4.SpringJUnit4ClassRunner$1.runReflectiveCall(SpringJUnit4ClassRunner.java:289)
	at org.junit.internal.runners.model.ReflectiveCallable.run(ReflectiveCallable.java:12)
	at org.springframework.test.context.junit4.SpringJUnit4ClassRunner.methodBlock(SpringJUnit4ClassRunner.java:291)
	at org.springframework.test.context.junit4.SpringJUnit4ClassRunner.runChild(SpringJUnit4ClassRunner.java:246)
	at org.springframework.test.context.junit4.SpringJUnit4ClassRunner.runChild(SpringJUnit4ClassRunner.java:97)
	at org.junit.runners.ParentRunner$3.run(ParentRunner.java:290)
	at org.junit.runners.ParentRunner$1.schedule(ParentRunner.java:71)
	at org.junit.runners.ParentRunner.runChildren(ParentRunner.java:288)
	at org.junit.runners.ParentRunner.access$000(ParentRunner.java:58)
	at org.junit.runners.ParentRunner$2.evaluate(ParentRunner.java:268)
	at org.springframework.test.context.junit4.statements.RunBeforeTestClassCallbacks.evaluate(RunBeforeTestClassCallbacks.java:61)
	at org.springframework.test.context.junit4.statements.RunAfterTestClassCallbacks.evaluate(RunAfterTestClassCallbacks.java:70)
	at org.junit.runners.ParentRunner.run(ParentRunner.java:363)
	at org.springframework.test.context.junit4.SpringJUnit4ClassRunner.run(SpringJUnit4ClassRunner.java:190)
	at org.gradle.api.internal.tasks.testing.junit.JUnitTestClassExecutor.runTestClass(JUnitTestClassExecutor.java:110)
	at org.gradle.api.internal.tasks.testing.junit.JUnitTestClassExecutor.execute(JUnitTestClassExecutor.java:58)
	at org.gradle.api.internal.tasks.testing.junit.JUnitTestClassExecutor.execute(JUnitTestClassExecutor.java:38)
	at org.gradle.api.internal.tasks.testing.junit.AbstractJUnitTestClassProcessor.processTestClass(AbstractJUnitTestClassProcessor.java:62)
	at org.gradle.api.internal.tasks.testing.SuiteTestClassProcessor.processTestClass(SuiteTestClassProcessor.java:51)
	at sun.reflect.NativeMethodAccessorImpl.invoke0(Native Method)
	at sun.reflect.NativeMethodAccessorImpl.invoke(NativeMethodAccessorImpl.java:62)
	at sun.reflect.DelegatingMethodAccessorImpl.invoke(DelegatingMethodAccessorImpl.java:43)
	at java.lang.reflect.Method.invoke(Method.java:498)
	at org.gradle.internal.dispatch.ReflectionDispatch.dispatch(ReflectionDispatch.java:36)
	at org.gradle.internal.dispatch.ReflectionDispatch.dispatch(ReflectionDispatch.java:24)
	at org.gradle.internal.dispatch.ContextClassLoaderDispatch.dispatch(ContextClassLoaderDispatch.java:33)
	at org.gradle.internal.dispatch.ProxyDispatchAdapter$DispatchingInvocationHandler.invoke(ProxyDispatchAdapter.java:94)
	at com.sun.proxy.$Proxy2.processTestClass(Unknown Source)
	at org.gradle.api.internal.tasks.testing.worker.TestWorker.processTestClass(TestWorker.java:118)
	at sun.reflect.NativeMethodAccessorImpl.invoke0(Native Method)
	at sun.reflect.NativeMethodAccessorImpl.invoke(NativeMethodAccessorImpl.java:62)
	at sun.reflect.DelegatingMethodAccessorImpl.invoke(DelegatingMethodAccessorImpl.java:43)
	at java.lang.reflect.Method.invoke(Method.java:498)
	at org.gradle.internal.dispatch.ReflectionDispatch.dispatch(ReflectionDispatch.java:36)
	at org.gradle.internal.dispatch.ReflectionDispatch.dispatch(ReflectionDispatch.java:24)
	at org.gradle.internal.remote.internal.hub.MessageHubBackedObjectConnection$DispatchWrapper.dispatch(MessageHubBackedObjectConnection.java:182)
	at org.gradle.internal.remote.internal.hub.MessageHubBackedObjectConnection$DispatchWrapper.dispatch(MessageHubBackedObjectConnection.java:164)
	at org.gradle.internal.remote.internal.hub.MessageHub$Handler.run(MessageHub.java:412)
	at org.gradle.internal.concurrent.ExecutorPolicy$CatchAndRecordFailures.onExecute(ExecutorPolicy.java:64)
	at org.gradle.internal.concurrent.ManagedExecutorImpl$1.run(ManagedExecutorImpl.java:48)
	at java.util.concurrent.ThreadPoolExecutor.runWorker(ThreadPoolExecutor.java:1149)
	at java.util.concurrent.ThreadPoolExecutor$Worker.run(ThreadPoolExecutor.java:624)
	at org.gradle.internal.concurrent.ThreadFactoryImpl$ManagedThreadRunnable.run(ThreadFactoryImpl.java:56)
	at java.lang.Thread.run(Thread.java:748)
Caused by: org.springframework.beans.factory.BeanCreationException: Error creating bean with name 'org.springframework.web.servlet.resource.ResourceHttpRequestHandler#0': Invocation of init method failed; nested exception is java.lang.IllegalStateException: WebApplicationObjectSupport instance [ResourceHttpRequestHandler [locations=[class path resource [resources/]], resolvers=[org.springframework.web.servlet.resource.PathResourceResolver@17fd0e3a]]] does not run in a WebApplicationContext but in: org.springframework.context.support.GenericApplicationContext@1b921c86: startup date [Tue Jan 19 23:13:29 KST 2021]; root of context hierarchy
	at org.springframework.beans.factory.support.AbstractAutowireCapableBeanFactory.initializeBean(AbstractAutowireCapableBeanFactory.java:1708)
	at org.springframework.beans.factory.support.AbstractAutowireCapableBeanFactory.doCreateBean(AbstractAutowireCapableBeanFactory.java:581)
	at org.springframework.beans.factory.support.AbstractAutowireCapableBeanFactory.createBean(AbstractAutowireCapableBeanFactory.java:503)
	at org.springframework.beans.factory.support.AbstractBeanFactory.lambda$doGetBean$0(AbstractBeanFactory.java:317)
	at org.springframework.beans.factory.support.DefaultSingletonBeanRegistry.getSingleton(DefaultSingletonBeanRegistry.java:222)
	at org.springframework.beans.factory.support.AbstractBeanFactory.doGetBean(AbstractBeanFactory.java:315)
	at org.springframework.beans.factory.support.AbstractBeanFactory.getBean(AbstractBeanFactory.java:199)
	at org.springframework.beans.factory.support.DefaultListableBeanFactory.preInstantiateSingletons(DefaultListableBeanFactory.java:760)
	at org.springframework.context.support.AbstractApplicationContext.finishBeanFactoryInitialization(AbstractApplicationContext.java:869)
	at org.springframework.context.support.AbstractApplicationContext.refresh(AbstractApplicationContext.java:550)
	at org.springframework.test.context.support.AbstractGenericContextLoader.loadContext(AbstractGenericContextLoader.java:128)
	at org.springframework.test.context.support.AbstractGenericContextLoader.loadContext(AbstractGenericContextLoader.java:60)
	at org.springframework.test.context.support.AbstractDelegatingSmartContextLoader.delegateLoading(AbstractDelegatingSmartContextLoader.java:107)
	at org.springframework.test.context.support.AbstractDelegatingSmartContextLoader.loadContext(AbstractDelegatingSmartContextLoader.java:243)
	at org.springframework.test.context.cache.DefaultCacheAwareContextLoaderDelegate.loadContextInternal(DefaultCacheAwareContextLoaderDelegate.java:99)
	at org.springframework.test.context.cache.DefaultCacheAwareContextLoaderDelegate.loadContext(DefaultCacheAwareContextLoaderDelegate.java:117)
	... 49 more
Caused by: java.lang.IllegalStateException: WebApplicationObjectSupport instance [ResourceHttpRequestHandler [locations=[class path resource [resources/]], resolvers=[org.springframework.web.servlet.resource.PathResourceResolver@17fd0e3a]]] does not run in a WebApplicationContext but in: org.springframework.context.support.GenericApplicationContext@1b921c86: startup date [Tue Jan 19 23:13:29 KST 2021]; root of context hierarchy
	at org.springframework.web.context.support.WebApplicationObjectSupport.getWebApplicationContext(WebApplicationObjectSupport.java:114)
	at org.springframework.web.context.support.WebApplicationObjectSupport.getServletContext(WebApplicationObjectSupport.java:133)
	at org.springframework.web.servlet.resource.ResourceHttpRequestHandler.initContentNegotiationStrategy(ResourceHttpRequestHandler.java:416)
	at org.springframework.web.servlet.resource.ResourceHttpRequestHandler.afterPropertiesSet(ResourceHttpRequestHandler.java:334)
	at org.springframework.beans.factory.support.AbstractAutowireCapableBeanFactory.invokeInitMethods(AbstractAutowireCapableBeanFactory.java:1767)
	at org.springframework.beans.factory.support.AbstractAutowireCapableBeanFactory.initializeBean(AbstractAutowireCapableBeanFactory.java:1704)
	... 64 more
</failure>
  </testcase>
  <system-out><![CDATA[INFO  [DefaultTestContextBootstrapper:248] - Loaded default TestExecutionListener class names from location [META-INF/spring.factories]: [org.springframework.test.context.web.ServletTestExecutionListener, org.springframework.test.context.support.DirtiesContextBeforeModesTestExecutionListener, org.springframework.test.context.support.DependencyInjectionTestExecutionListener, org.springframework.test.context.support.DirtiesContextTestExecutionListener, org.springframework.test.context.transaction.TransactionalTestExecutionListener, org.springframework.test.context.jdbc.SqlScriptsTestExecutionListener]
INFO  [DefaultTestContextBootstrapper:177] - Using TestExecutionListeners: [org.springframework.test.context.web.ServletTestExecutionListener@36ab94f8, org.springframework.test.context.support.DirtiesContextBeforeModesTestExecutionListener@444391b6, org.springframework.test.context.support.DependencyInjectionTestExecutionListener@7612a7f5, org.springframework.test.context.support.DirtiesContextTestExecutionListener@1dbe7d23, org.springframework.test.context.transaction.TransactionalTestExecutionListener@77583638, org.springframework.test.context.jdbc.SqlScriptsTestExecutionListener@2f4ed744]
INFO  [XmlBeanDefinitionReader:316] - Loading XML bean definitions from URL [file:src/main/webapp/WEB-INF/spring/root-context.xml]
INFO  [XmlBeanDefinitionReader:316] - Loading XML bean definitions from URL [file:src/main/webapp/WEB-INF/spring/appServlet/servlet-context.xml]
INFO  [GenericApplicationContext:590] - Refreshing org.springframework.context.support.GenericApplicationContext@1b921c86: startup date [Tue Jan 19 23:13:29 KST 2021]; root of context hierarchy
INFO  [AutowiredAnnotationBeanPostProcessor:154] - JSR-330 'javax.inject.Inject' annotation found and supported for autowiring
INFO  [HikariDataSource:71] - HikariPool-1 - Starting...
INFO  [connection:541] - 1. Connection opened
INFO  [audit:175] - 1. Connection.new Connection returned 
INFO  [PoolBase:526] - HikariPool-1 - Driver does not support get/set network timeout for connections. (net.sf.log4jdbc.sql.jdbcapi.ConnectionSpy.getNetworkTimeout()I)
INFO  [audit:175] - 1. Connection.setReadOnly(false) returned 
INFO  [audit:175] - 1. Connection.setAutoCommit(true) returned 
INFO  [audit:175] - 1. Connection.isValid(1) returned true
INFO  [audit:175] - 1. Connection.getTransactionIsolation() returned 2
INFO  [HikariDataSource:73] - HikariPool-1 - Start completed.
INFO  [connection:541] - 2. Connection opened
INFO  [audit:175] - 2. Connection.new Connection returned 
INFO  [audit:175] - 2. Connection.setReadOnly(false) returned 
INFO  [audit:175] - 2. Connection.setAutoCommit(true) returned 
INFO  [connection:541] - 3. Connection opened
INFO  [audit:175] - 3. Connection.new Connection returned 
INFO  [audit:175] - 3. Connection.setReadOnly(false) returned 
INFO  [audit:175] - 3. Connection.setAutoCommit(true) returned 
INFO  [connection:541] - 4. Connection opened
INFO  [audit:175] - 4. Connection.new Connection returned 
INFO  [audit:175] - 4. Connection.setReadOnly(false) returned 
INFO  [audit:175] - 4. Connection.setAutoCommit(true) returned 
INFO  [RequestMappingHandlerMapping:547] - Mapped "{[/board/modify],methods=[POST]}" onto public java.lang.String org.zerock.controller.BoardController.modify(org.zerock.domain.BoardVO,org.zerock.domain.Criteria,org.springframework.web.servlet.mvc.support.RedirectAttributes)
INFO  [RequestMappingHandlerMapping:547] - Mapped "{[/board/remove],methods=[POST]}" onto public java.lang.String org.zerock.controller.BoardController.remove(java.lang.Long,org.zerock.domain.Criteria,org.springframework.web.servlet.mvc.support.RedirectAttributes)
INFO  [RequestMappingHandlerMapping:547] - Mapped "{[/board/get || /board/modify],methods=[GET]}" onto public void org.zerock.controller.BoardController.get(java.lang.Long,org.zerock.domain.Criteria,org.springframework.ui.Model)
INFO  [RequestMappingHandlerMapping:547] - Mapped "{[/board/register],methods=[POST]}" onto public java.lang.String org.zerock.controller.BoardController.register(org.zerock.domain.BoardVO,org.springframework.web.servlet.mvc.support.RedirectAttributes)
INFO  [RequestMappingHandlerMapping:547] - Mapped "{[/board/register],methods=[GET]}" onto public void org.zerock.controller.BoardController.register()
INFO  [RequestMappingHandlerMapping:547] - Mapped "{[/board/list],methods=[GET]}" onto public void org.zerock.controller.BoardController.list(org.zerock.domain.Criteria,org.springframework.ui.Model)
INFO  [RequestMappingHandlerMapping:547] - Mapped "{[/replies/new],methods=[POST],consumes=[application/json],produces=[text/plain]}" onto public org.springframework.http.ResponseEntity<java.lang.String> org.zerock.controller.ReplyController.create(org.zerock.domain.ReplyVO)
INFO  [RequestMappingHandlerMapping:547] - Mapped "{[/sample/getText],methods=[GET],produces=[text/plains;charset=utf-8]}" onto public java.lang.String org.sample.controller.SampleController.getText()
INFO  [RequestMappingHandlerMapping:547] - Mapped "{[/sample/ticket],methods=[POST]}" onto public org.sample.domain.TicketVO org.sample.controller.SampleController.convert(org.sample.domain.TicketVO)
INFO  [RequestMappingHandlerMapping:547] - Mapped "{[/sample/getList],methods=[GET]}" onto public java.util.List<org.sample.domain.SampleVO> org.sample.controller.SampleController.getList()
INFO  [RequestMappingHandlerMapping:547] - Mapped "{[/sample/getSample],methods=[GET],produces=[application/json;charset=UTF-8 || application/xml]}" onto public org.sample.domain.SampleVO org.sample.controller.SampleController.getSample()
INFO  [RequestMappingHandlerMapping:547] - Mapped "{[/sample/getSample2],methods=[GET]}" onto public org.sample.domain.SampleVO org.sample.controller.SampleController.getSample2()
INFO  [RequestMappingHandlerMapping:547] - Mapped "{[/sample/product/{cat}/{pid}],methods=[GET]}" onto public java.lang.String[] org.sample.controller.SampleController.getPath(java.lang.String,java.lang.String)
INFO  [connection:541] - 5. Connection opened
INFO  [audit:175] - 5. Connection.new Connection returned 
INFO  [audit:175] - 5. Connection.setReadOnly(false) returned 
INFO  [audit:175] - 5. Connection.setAutoCommit(true) returned 
INFO  [connection:541] - 6. Connection opened
INFO  [audit:175] - 6. Connection.new Connection returned 
INFO  [audit:175] - 6. Connection.setReadOnly(false) returned 
INFO  [audit:175] - 6. Connection.setAutoCommit(true) returned 
INFO  [connection:541] - 7. Connection opened
INFO  [audit:175] - 7. Connection.new Connection returned 
INFO  [audit:175] - 7. Connection.setReadOnly(false) returned 
INFO  [audit:175] - 7. Connection.setAutoCommit(true) returned 
INFO  [connection:541] - 8. Connection opened
INFO  [audit:175] - 8. Connection.new Connection returned 
INFO  [audit:175] - 8. Connection.setReadOnly(false) returned 
INFO  [audit:175] - 8. Connection.setAutoCommit(true) returned 
INFO  [connection:541] - 9. Connection opened
INFO  [audit:175] - 9. Connection.new Connection returned 
INFO  [audit:175] - 9. Connection.setReadOnly(false) returned 
INFO  [audit:175] - 9. Connection.setAutoCommit(true) returned 
INFO  [RequestMappingHandlerAdapter:574] - Looking for @ControllerAdvice: org.springframework.context.support.GenericApplicationContext@1b921c86: startup date [Tue Jan 19 23:13:29 KST 2021]; root of context hierarchy
INFO  [connection:541] - 10. Connection opened
INFO  [audit:175] - 10. Connection.new Connection returned 
INFO  [audit:175] - 10. Connection.setReadOnly(false) returned 
INFO  [audit:175] - 10. Connection.setAutoCommit(true) returned 
INFO  [RequestMappingHandlerAdapter:574] - Looking for @ControllerAdvice: org.springframework.context.support.GenericApplicationContext@1b921c86: startup date [Tue Jan 19 23:13:29 KST 2021]; root of context hierarchy
WARN  [GenericApplicationContext:558] - Exception encountered during context initialization - cancelling refresh attempt: org.springframework.beans.factory.BeanCreationException: Error creating bean with name 'org.springframework.web.servlet.resource.ResourceHttpRequestHandler#0': Invocation of init method failed; nested exception is java.lang.IllegalStateException: WebApplicationObjectSupport instance [ResourceHttpRequestHandler [locations=[class path resource [resources/]], resolvers=[org.springframework.web.servlet.resource.PathResourceResolver@17fd0e3a]]] does not run in a WebApplicationContext but in: org.springframework.context.support.GenericApplicationContext@1b921c86: startup date [Tue Jan 19 23:13:29 KST 2021]; root of context hierarchy
INFO  [HikariDataSource:347] - HikariPool-1 - Shutdown initiated...
INFO  [connection:568] - 1. Connection closed
INFO  [audit:175] - 1. Connection.close() returned 
INFO  [connection:568] - 2. Connection closed
INFO  [audit:175] - 2. Connection.close() returned 
INFO  [connection:568] - 3. Connection closed
INFO  [audit:175] - 3. Connection.close() returned 
INFO  [connection:568] - 4. Connection closed
INFO  [audit:175] - 4. Connection.close() returned 
INFO  [connection:568] - 5. Connection closed
INFO  [audit:175] - 5. Connection.close() returned 
INFO  [connection:568] - 6. Connection closed
INFO  [audit:175] - 6. Connection.close() returned 
INFO  [connection:568] - 7. Connection closed
INFO  [audit:175] - 7. Connection.close() returned 
INFO  [connection:568] - 8. Connection closed
INFO  [audit:175] - 8. Connection.close() returned 
INFO  [connection:568] - 9. Connection closed
INFO  [audit:175] - 9. Connection.close() returned 
INFO  [connection:568] - 10. Connection closed
INFO  [audit:175] - 10. Connection.close() returned 
INFO  [HikariDataSource:349] - HikariPool-1 - Shutdown completed.
ERROR [TestContextManager:250] - Caught exception while allowing TestExecutionListener [org.springframework.test.context.support.DependencyInjectionTestExecutionListener@7612a7f5] to prepare test instance [org.zerock.controller.ReplyControllerTests@77131869]
java.lang.IllegalStateException: Failed to load ApplicationContext
	at org.springframework.test.context.cache.DefaultCacheAwareContextLoaderDelegate.loadContext(DefaultCacheAwareContextLoaderDelegate.java:125)
	at org.springframework.test.context.support.DefaultTestContext.getApplicationContext(DefaultTestContext.java:108)
	at org.springframework.test.context.support.DependencyInjectionTestExecutionListener.injectDependencies(DependencyInjectionTestExecutionListener.java:117)
	at org.springframework.test.context.support.DependencyInjectionTestExecutionListener.prepareTestInstance(DependencyInjectionTestExecutionListener.java:83)
	at org.springframework.test.context.TestContextManager.prepareTestInstance(TestContextManager.java:246)
	at org.springframework.test.context.junit4.SpringJUnit4ClassRunner.createTest(SpringJUnit4ClassRunner.java:227)
	at org.springframework.test.context.junit4.SpringJUnit4ClassRunner$1.runReflectiveCall(SpringJUnit4ClassRunner.java:289)
	at org.junit.internal.runners.model.ReflectiveCallable.run(ReflectiveCallable.java:12)
	at org.springframework.test.context.junit4.SpringJUnit4ClassRunner.methodBlock(SpringJUnit4ClassRunner.java:291)
	at org.springframework.test.context.junit4.SpringJUnit4ClassRunner.runChild(SpringJUnit4ClassRunner.java:246)
	at org.springframework.test.context.junit4.SpringJUnit4ClassRunner.runChild(SpringJUnit4ClassRunner.java:97)
	at org.junit.runners.ParentRunner$3.run(ParentRunner.java:290)
	at org.junit.runners.ParentRunner$1.schedule(ParentRunner.java:71)
	at org.junit.runners.ParentRunner.runChildren(ParentRunner.java:288)
	at org.junit.runners.ParentRunner.access$000(ParentRunner.java:58)
	at org.junit.runners.ParentRunner$2.evaluate(ParentRunner.java:268)
	at org.springframework.test.context.junit4.statements.RunBeforeTestClassCallbacks.evaluate(RunBeforeTestClassCallbacks.java:61)
	at org.springframework.test.context.junit4.statements.RunAfterTestClassCallbacks.evaluate(RunAfterTestClassCallbacks.java:70)
	at org.junit.runners.ParentRunner.run(ParentRunner.java:363)
	at org.springframework.test.context.junit4.SpringJUnit4ClassRunner.run(SpringJUnit4ClassRunner.java:190)
	at org.gradle.api.internal.tasks.testing.junit.JUnitTestClassExecutor.runTestClass(JUnitTestClassExecutor.java:110)
	at org.gradle.api.internal.tasks.testing.junit.JUnitTestClassExecutor.execute(JUnitTestClassExecutor.java:58)
	at org.gradle.api.internal.tasks.testing.junit.JUnitTestClassExecutor.execute(JUnitTestClassExecutor.java:38)
	at org.gradle.api.internal.tasks.testing.junit.AbstractJUnitTestClassProcessor.processTestClass(AbstractJUnitTestClassProcessor.java:62)
	at org.gradle.api.internal.tasks.testing.SuiteTestClassProcessor.processTestClass(SuiteTestClassProcessor.java:51)
	at sun.reflect.NativeMethodAccessorImpl.invoke0(Native Method)
	at sun.reflect.NativeMethodAccessorImpl.invoke(NativeMethodAccessorImpl.java:62)
	at sun.reflect.DelegatingMethodAccessorImpl.invoke(DelegatingMethodAccessorImpl.java:43)
	at java.lang.reflect.Method.invoke(Method.java:498)
	at org.gradle.internal.dispatch.ReflectionDispatch.dispatch(ReflectionDispatch.java:36)
	at org.gradle.internal.dispatch.ReflectionDispatch.dispatch(ReflectionDispatch.java:24)
	at org.gradle.internal.dispatch.ContextClassLoaderDispatch.dispatch(ContextClassLoaderDispatch.java:33)
	at org.gradle.internal.dispatch.ProxyDispatchAdapter$DispatchingInvocationHandler.invoke(ProxyDispatchAdapter.java:94)
	at com.sun.proxy.$Proxy2.processTestClass(Unknown Source)
	at org.gradle.api.internal.tasks.testing.worker.TestWorker.processTestClass(TestWorker.java:118)
	at sun.reflect.NativeMethodAccessorImpl.invoke0(Native Method)
	at sun.reflect.NativeMethodAccessorImpl.invoke(NativeMethodAccessorImpl.java:62)
	at sun.reflect.DelegatingMethodAccessorImpl.invoke(DelegatingMethodAccessorImpl.java:43)
	at java.lang.reflect.Method.invoke(Method.java:498)
	at org.gradle.internal.dispatch.ReflectionDispatch.dispatch(ReflectionDispatch.java:36)
	at org.gradle.internal.dispatch.ReflectionDispatch.dispatch(ReflectionDispatch.java:24)
	at org.gradle.internal.remote.internal.hub.MessageHubBackedObjectConnection$DispatchWrapper.dispatch(MessageHubBackedObjectConnection.java:182)
	at org.gradle.internal.remote.internal.hub.MessageHubBackedObjectConnection$DispatchWrapper.dispatch(MessageHubBackedObjectConnection.java:164)
	at org.gradle.internal.remote.internal.hub.MessageHub$Handler.run(MessageHub.java:412)
	at org.gradle.internal.concurrent.ExecutorPolicy$CatchAndRecordFailures.onExecute(ExecutorPolicy.java:64)
	at org.gradle.internal.concurrent.ManagedExecutorImpl$1.run(ManagedExecutorImpl.java:48)
	at java.util.concurrent.ThreadPoolExecutor.runWorker(ThreadPoolExecutor.java:1149)
	at java.util.concurrent.ThreadPoolExecutor$Worker.run(ThreadPoolExecutor.java:624)
	at org.gradle.internal.concurrent.ThreadFactoryImpl$ManagedThreadRunnable.run(ThreadFactoryImpl.java:56)
	at java.lang.Thread.run(Thread.java:748)
Caused by: org.springframework.beans.factory.BeanCreationException: Error creating bean with name 'org.springframework.web.servlet.resource.ResourceHttpRequestHandler#0': Invocation of init method failed; nested exception is java.lang.IllegalStateException: WebApplicationObjectSupport instance [ResourceHttpRequestHandler [locations=[class path resource [resources/]], resolvers=[org.springframework.web.servlet.resource.PathResourceResolver@17fd0e3a]]] does not run in a WebApplicationContext but in: org.springframework.context.support.GenericApplicationContext@1b921c86: startup date [Tue Jan 19 23:13:29 KST 2021]; root of context hierarchy
	at org.springframework.beans.factory.support.AbstractAutowireCapableBeanFactory.initializeBean(AbstractAutowireCapableBeanFactory.java:1708)
	at org.springframework.beans.factory.support.AbstractAutowireCapableBeanFactory.doCreateBean(AbstractAutowireCapableBeanFactory.java:581)
	at org.springframework.beans.factory.support.AbstractAutowireCapableBeanFactory.createBean(AbstractAutowireCapableBeanFactory.java:503)
	at org.springframework.beans.factory.support.AbstractBeanFactory.lambda$doGetBean$0(AbstractBeanFactory.java:317)
	at org.springframework.beans.factory.support.DefaultSingletonBeanRegistry.getSingleton(DefaultSingletonBeanRegistry.java:222)
	at org.springframework.beans.factory.support.AbstractBeanFactory.doGetBean(AbstractBeanFactory.java:315)
	at org.springframework.beans.factory.support.AbstractBeanFactory.getBean(AbstractBeanFactory.java:199)
	at org.springframework.beans.factory.support.DefaultListableBeanFactory.preInstantiateSingletons(DefaultListableBeanFactory.java:760)
	at org.springframework.context.support.AbstractApplicationContext.finishBeanFactoryInitialization(AbstractApplicationContext.java:869)
	at org.springframework.context.support.AbstractApplicationContext.refresh(AbstractApplicationContext.java:550)
	at org.springframework.test.context.support.AbstractGenericContextLoader.loadContext(AbstractGenericContextLoader.java:128)
	at org.springframework.test.context.support.AbstractGenericContextLoader.loadContext(AbstractGenericContextLoader.java:60)
	at org.springframework.test.context.support.AbstractDelegatingSmartContextLoader.delegateLoading(AbstractDelegatingSmartContextLoader.java:107)
	at org.springframework.test.context.support.AbstractDelegatingSmartContextLoader.loadContext(AbstractDelegatingSmartContextLoader.java:243)
	at org.springframework.test.context.cache.DefaultCacheAwareContextLoaderDelegate.loadContextInternal(DefaultCacheAwareContextLoaderDelegate.java:99)
	at org.springframework.test.context.cache.DefaultCacheAwareContextLoaderDelegate.loadContext(DefaultCacheAwareContextLoaderDelegate.java:117)
	... 49 more
Caused by: java.lang.IllegalStateException: WebApplicationObjectSupport instance [ResourceHttpRequestHandler [locations=[class path resource [resources/]], resolvers=[org.springframework.web.servlet.resource.PathResourceResolver@17fd0e3a]]] does not run in a WebApplicationContext but in: org.springframework.context.support.GenericApplicationContext@1b921c86: startup date [Tue Jan 19 23:13:29 KST 2021]; root of context hierarchy
	at org.springframework.web.context.support.WebApplicationObjectSupport.getWebApplicationContext(WebApplicationObjectSupport.java:114)
	at org.springframework.web.context.support.WebApplicationObjectSupport.getServletContext(WebApplicationObjectSupport.java:133)
	at org.springframework.web.servlet.resource.ResourceHttpRequestHandler.initContentNegotiationStrategy(ResourceHttpRequestHandler.java:416)
	at org.springframework.web.servlet.resource.ResourceHttpRequestHandler.afterPropertiesSet(ResourceHttpRequestHandler.java:334)
	at org.springframework.beans.factory.support.AbstractAutowireCapableBeanFactory.invokeInitMethods(AbstractAutowireCapableBeanFactory.java:1767)
	at org.springframework.beans.factory.support.AbstractAutowireCapableBeanFactory.initializeBean(AbstractAutowireCapableBeanFactory.java:1704)
	... 64 more
]]></system-out>
  <system-err><![CDATA[log4j:WARN No such property [tã]]>&#x97;<![CDATA[arget] in org.apache.log4j.ConsoleAppender.
]]></system-err>
</testsuite>
