<?xml version="1.0" encoding="UTF-8"?>
<testsuite name="org.zerock.mapper.ReplyMapperTests" tests="1" skipped="0" failures="0" errors="0" timestamp="2021-01-21T14:50:22" hostname="hwangjeonghyeon-ui-MacBookPro.local" time="0.128">
  <properties/>
  <testcase name="teetList2" classname="org.zerock.mapper.ReplyMapperTests" time="0.128"/>
  <system-out><![CDATA[INFO  [DefaultTestContextBootstrapper:248] - Loaded default TestExecutionListener class names from location [META-INF/spring.factories]: [org.springframework.test.context.web.ServletTestExecutionListener, org.springframework.test.context.support.DirtiesContextBeforeModesTestExecutionListener, org.springframework.test.context.support.DependencyInjectionTestExecutionListener, org.springframework.test.context.support.DirtiesContextTestExecutionListener, org.springframework.test.context.transaction.TransactionalTestExecutionListener, org.springframework.test.context.jdbc.SqlScriptsTestExecutionListener]
INFO  [DefaultTestContextBootstrapper:177] - Using TestExecutionListeners: [org.springframework.test.context.web.ServletTestExecutionListener@782ed03, org.springframework.test.context.support.DirtiesContextBeforeModesTestExecutionListener@1e4820ac, org.springframework.test.context.support.DependencyInjectionTestExecutionListener@2e7e35d5, org.springframework.test.context.support.DirtiesContextTestExecutionListener@756d8e10, org.springframework.test.context.transaction.TransactionalTestExecutionListener@65179f4b, org.springframework.test.context.jdbc.SqlScriptsTestExecutionListener@3a058e05]
INFO  [XmlBeanDefinitionReader:316] - Loading XML bean definitions from URL [file:src/main/webapp/WEB-INF/spring/root-context.xml]
INFO  [GenericApplicationContext:590] - Refreshing org.springframework.context.support.GenericApplicationContext@2406b013: startup date [Thu Jan 21 23:50:21 KST 2021]; root of context hierarchy
INFO  [AutowiredAnnotationBeanPostProcessor:154] - JSR-330 'javax.inject.Inject' annotation found and supported for autowiring
INFO  [HikariDataSource:71] - HikariPool-1 - Starting...
INFO  [connection:541] - 1. Connection opened
INFO  [audit:175] - 1. Connection.new Connection returned 
INFO  [PoolBase:526] - HikariPool-1 - Driver does not support get/set network timeout for connections. (net.sf.log4jdbc.sql.jdbcapi.ConnectionSpy.getNetworkTimeout()I)
INFO  [audit:175] - 1. Connection.setReadOnly(false) returned 
INFO  [audit:175] - 1. Connection.setAutoCommit(true) returned 
INFO  [audit:175] - 1. Connection.isValid(1) returned true
INFO  [audit:175] - 1. Connection.getTransactionIsolation() returned 2
INFO  [HikariDataSource:73] - HikariPool-1 - Start completed.
INFO  [connection:541] - 2. Connection opened
INFO  [audit:175] - 2. Connection.new Connection returned 
INFO  [audit:175] - 2. Connection.setReadOnly(false) returned 
INFO  [audit:175] - 2. Connection.setAutoCommit(true) returned 
INFO  [connection:541] - 3. Connection opened
INFO  [audit:175] - 3. Connection.new Connection returned 
INFO  [audit:175] - 3. Connection.setReadOnly(false) returned 
INFO  [audit:175] - 3. Connection.setAutoCommit(true) returned 
INFO  [audit:175] - 1. Connection.getAutoCommit() returned true
INFO  [connection:541] - 4. Connection opened
INFO  [audit:175] - 4. Connection.new Connection returned 
INFO  [audit:175] - 4. Connection.setReadOnly(false) returned 
INFO  [audit:175] - 4. Connection.setAutoCommit(true) returned 
INFO  [audit:175] - 1. PreparedStatement.new PreparedStatement returned 
INFO  [audit:175] - 1. Connection.prepareStatement(Select rno, bno, reply, replyer, replydate, updatedate
        from
        (
        SELECT /*+INDEX(tbl_reply inx_reply) */
        rownum rn, bno, rno, reply, replyer, replyDate, updatedate
        FROM tbl_reply
        WHERE bno = ? and rno > 0 and rownum <= ? * ?
        )
        where rn > (? -1 ) * ?) returned net.sf.log4jdbc.sql.jdbcapi.PreparedStatementSpy@24b70e5f
INFO  [audit:175] - 1. PreparedStatement.setLong(1, 458761) returned 
INFO  [audit:175] - 1. PreparedStatement.setInt(2, 2) returned 
INFO  [connection:541] - 5. Connection opened
INFO  [audit:175] - 5. Connection.new Connection returned 
INFO  [audit:175] - 1. PreparedStatement.setInt(3, 10) returned 
INFO  [audit:175] - 5. Connection.setReadOnly(false) returned 
INFO  [audit:175] - 1. PreparedStatement.setInt(4, 2) returned 
INFO  [audit:175] - 5. Connection.setAutoCommit(true) returned 
INFO  [audit:175] - 1. PreparedStatement.setInt(5, 10) returned 
INFO  [sqlonly:228] - Select rno, bno, reply, replyer, replydate, updatedate from ( SELECT /*+INDEX(tbl_reply inx_reply) 
*/ rownum rn, bno, rno, reply, replyer, replyDate, updatedate FROM tbl_reply WHERE bno = 458761 
and rno > 0 and rownum <= 2 * 10 ) where rn > (2 -1 ) * 10 

INFO  [sqltiming:373] - Select rno, bno, reply, replyer, replydate, updatedate from ( SELECT /*+INDEX(tbl_reply inx_reply) 
*/ rownum rn, bno, rno, reply, replyer, replyDate, updatedate FROM tbl_reply WHERE bno = 458761 
and rno > 0 and rownum <= 2 * 10 ) where rn > (2 -1 ) * 10 
 {executed in 15 msec}
INFO  [audit:175] - 1. PreparedStatement.execute() returned true
INFO  [resultset:175] - 1. ResultSet.new ResultSet returned 
INFO  [audit:175] - 1. PreparedStatement.getResultSet() returned net.sf.log4jdbc.sql.jdbcapi.ResultSetSpy@10f6e3b3
INFO  [resultset:175] - 1. ResultSet.getMetaData() returned oracle.jdbc.driver.OracleResultSetMetaData@d8cfcdd
INFO  [resultset:175] - 1. ResultSet.getType() returned 1003
INFO  [resultsettable:610] - 
|----|----|------|--------|----------|-----------|
|rno |bno |reply |replyer |replydate |updatedate |
|----|----|------|--------|----------|-----------|
|----|----|------|--------|----------|-----------|

INFO  [resultset:175] - 1. ResultSet.next() returned false
INFO  [resultset:175] - 1. ResultSet.close() returned void
INFO  [audit:175] - 1. Connection.getMetaData() returned oracle.jdbc.driver.OracleDatabaseMetaData@309f63bf
INFO  [audit:175] - 1. PreparedStatement.isClosed() returned false
INFO  [audit:175] - 1. PreparedStatement.close() returned 
INFO  [audit:175] - 1. Connection.clearWarnings() returned 
]]></system-out>
  <system-err><![CDATA[log4j:WARN No such property [tã]]>&#x97;<![CDATA[arget] in org.apache.log4j.ConsoleAppender.
]]></system-err>
</testsuite>
