<?xml version="1.0" encoding="UTF-8"?>
<testsuite name="org.zerock.mapper.MemberMapperTests" tests="1" skipped="0" failures="0" errors="0" timestamp="2021-02-01T15:13:07" hostname="hwangjeonghyeon-ui-MacBookPro.local" time="0.149">
  <properties/>
  <testcase name="testRead" classname="org.zerock.mapper.MemberMapperTests" time="0.149"/>
  <system-out><![CDATA[INFO  [DefaultTestContextBootstrapper:248] - Loaded default TestExecutionListener class names from location [META-INF/spring.factories]: [org.springframework.test.context.web.ServletTestExecutionListener, org.springframework.test.context.support.DirtiesContextBeforeModesTestExecutionListener, org.springframework.test.context.support.DependencyInjectionTestExecutionListener, org.springframework.test.context.support.DirtiesContextTestExecutionListener, org.springframework.test.context.transaction.TransactionalTestExecutionListener, org.springframework.test.context.jdbc.SqlScriptsTestExecutionListener]
INFO  [DefaultTestContextBootstrapper:177] - Using TestExecutionListeners: [org.springframework.test.context.web.ServletTestExecutionListener@4d88a242, org.springframework.test.context.support.DirtiesContextBeforeModesTestExecutionListener@5cac5a03, org.springframework.test.context.support.DependencyInjectionTestExecutionListener@213692fc, org.springframework.test.context.support.DirtiesContextTestExecutionListener@3e979216, org.springframework.test.context.transaction.TransactionalTestExecutionListener@3685bd34, org.springframework.test.context.jdbc.SqlScriptsTestExecutionListener@84795a5]
INFO  [GenericApplicationContext:590] - Refreshing org.springframework.context.support.GenericApplicationContext@398fb6f3: startup date [Tue Feb 02 00:13:05 KST 2021]; root of context hierarchy
INFO  [HikariDataSource:71] - HikariPool-1 - Starting...
INFO  [connection:541] - 1. Connection opened
INFO  [audit:175] - 1. Connection.new Connection returned 
INFO  [PoolBase:526] - HikariPool-1 - Driver does not support get/set network timeout for connections. (net.sf.log4jdbc.sql.jdbcapi.ConnectionSpy.getNetworkTimeout()I)
INFO  [audit:175] - 1. Connection.setReadOnly(false) returned 
INFO  [audit:175] - 1. Connection.setAutoCommit(true) returned 
INFO  [audit:175] - 1. Connection.isValid(1) returned true
INFO  [audit:175] - 1. Connection.getTransactionIsolation() returned 2
INFO  [HikariDataSource:73] - HikariPool-1 - Start completed.
INFO  [connection:541] - 2. Connection opened
INFO  [audit:175] - 2. Connection.new Connection returned 
INFO  [audit:175] - 2. Connection.setReadOnly(false) returned 
INFO  [audit:175] - 2. Connection.setAutoCommit(true) returned 
INFO  [connection:541] - 3. Connection opened
INFO  [audit:175] - 3. Connection.new Connection returned 
INFO  [audit:175] - 3. Connection.setReadOnly(false) returned 
INFO  [audit:175] - 3. Connection.setAutoCommit(true) returned 
INFO  [connection:541] - 4. Connection opened
INFO  [audit:175] - 4. Connection.new Connection returned 
INFO  [audit:175] - 4. Connection.setReadOnly(false) returned 
INFO  [audit:175] - 4. Connection.setAutoCommit(true) returned 
INFO  [connection:541] - 5. Connection opened
INFO  [audit:175] - 5. Connection.new Connection returned 
INFO  [audit:175] - 5. Connection.setReadOnly(false) returned 
INFO  [audit:175] - 5. Connection.setAutoCommit(true) returned 
INFO  [ScheduledAnnotationBeanPostProcessor:275] - No TaskScheduler/ScheduledExecutorService bean found for scheduled processing
INFO  [connection:541] - 6. Connection opened
INFO  [audit:175] - 6. Connection.new Connection returned 
INFO  [audit:175] - 6. Connection.setReadOnly(false) returned 
INFO  [audit:175] - 6. Connection.setAutoCommit(true) returned 
INFO  [audit:175] - 1. Connection.getAutoCommit() returned true
INFO  [connection:541] - 7. Connection opened
INFO  [audit:175] - 7. Connection.new Connection returned 
INFO  [audit:175] - 7. Connection.setReadOnly(false) returned 
INFO  [audit:175] - 7. Connection.setAutoCommit(true) returned 
INFO  [audit:175] - 1. PreparedStatement.new PreparedStatement returned 
INFO  [audit:175] - 1. Connection.prepareStatement(SELECT mem.userid, userpw, username, enabled, regdate, updatedate, auth
        FROM tbl_member mem LEFT OUTER JOIN tbl_member_auth auth on mem.userid = auth.userid
        WHERE mem.userid = ?) returned net.sf.log4jdbc.sql.jdbcapi.PreparedStatementSpy@7efa6ee5
INFO  [audit:175] - 1. PreparedStatement.setString(1, "admin90") returned 
INFO  [sqlonly:228] - SELECT mem.userid, userpw, username, enabled, regdate, updatedate, auth FROM tbl_member mem 
LEFT OUTER JOIN tbl_member_auth auth on mem.userid = auth.userid WHERE mem.userid = 'admin90' 

INFO  [connection:541] - 8. Connection opened
INFO  [audit:175] - 8. Connection.new Connection returned 
INFO  [audit:175] - 8. Connection.setReadOnly(false) returned 
INFO  [audit:175] - 8. Connection.setAutoCommit(true) returned 
INFO  [sqltiming:373] - SELECT mem.userid, userpw, username, enabled, regdate, updatedate, auth FROM tbl_member mem 
LEFT OUTER JOIN tbl_member_auth auth on mem.userid = auth.userid WHERE mem.userid = 'admin90' 
 {executed in 14 msec}
INFO  [audit:175] - 1. PreparedStatement.execute() returned true
INFO  [resultset:175] - 1. ResultSet.new ResultSet returned 
INFO  [audit:175] - 1. PreparedStatement.getResultSet() returned net.sf.log4jdbc.sql.jdbcapi.ResultSetSpy@70a81344
INFO  [resultset:175] - 1. ResultSet.getMetaData() returned oracle.jdbc.driver.OracleResultSetMetaData@3d3d06de
INFO  [resultset:175] - 1. ResultSet.getType() returned 1003
INFO  [resultset:175] - 1. ResultSet.next() returned true
INFO  [resultset:175] - 1. ResultSet.getString(userid) returned admin90
INFO  [resultset:175] - 1. ResultSet.wasNull() returned false
INFO  [resultset:175] - 1. ResultSet.getString(userpw) returned pw90
INFO  [resultset:175] - 1. ResultSet.wasNull() returned false
INFO  [resultset:175] - 1. ResultSet.getString(username) returned 관리자90
INFO  [resultset:175] - 1. ResultSet.wasNull() returned false
INFO  [resultset:175] - 1. ResultSet.getTimestamp(regDate) returned 2021-02-01 14:15:47.0
INFO  [resultset:175] - 1. ResultSet.wasNull() returned false
INFO  [resultset:175] - 1. ResultSet.getTimestamp(updateDate) returned 2021-02-01 14:15:47.0
INFO  [resultset:175] - 1. ResultSet.wasNull() returned false
INFO  [resultset:175] - 1. ResultSet.getString(userid) returned admin90
INFO  [resultset:175] - 1. ResultSet.wasNull() returned false
INFO  [resultset:175] - 1. ResultSet.getString(userpw) returned pw90
INFO  [resultset:175] - 1. ResultSet.wasNull() returned false
INFO  [resultset:175] - 1. ResultSet.getString(username) returned 관리자90
INFO  [resultset:175] - 1. ResultSet.wasNull() returned false
INFO  [resultset:175] - 1. ResultSet.getTimestamp(regDate) returned 2021-02-01 14:15:47.0
INFO  [resultset:175] - 1. ResultSet.wasNull() returned false
INFO  [resultset:175] - 1. ResultSet.getTimestamp(updateDate) returned 2021-02-01 14:15:47.0
INFO  [resultset:175] - 1. ResultSet.wasNull() returned false
INFO  [resultset:175] - 1. ResultSet.getString(userid) returned admin90
INFO  [resultset:175] - 1. ResultSet.wasNull() returned false
INFO  [resultset:175] - 1. ResultSet.getString(auth) returned ROLE_ADMIN
INFO  [resultset:175] - 1. ResultSet.wasNull() returned false
INFO  [resultset:175] - 1. ResultSet.getString(userid) returned admin90
INFO  [resultset:175] - 1. ResultSet.wasNull() returned false
INFO  [resultset:175] - 1. ResultSet.getString(auth) returned ROLE_ADMIN
INFO  [resultset:175] - 1. ResultSet.wasNull() returned false
INFO  [resultsettable:610] - 
|--------|-------|---------|---------|----------------------|----------------------|-----------|
|userid  |userpw |username |enabled  |regdate               |updatedate            |auth       |
|--------|-------|---------|---------|----------------------|----------------------|-----------|
|admin90 |pw90   |관리자90    |[unread] |2021-02-01 14:15:47.0 |2021-02-01 14:15:47.0 |ROLE_ADMIN |
|--------|-------|---------|---------|----------------------|----------------------|-----------|

INFO  [resultset:175] - 1. ResultSet.next() returned false
INFO  [resultset:175] - 1. ResultSet.close() returned void
INFO  [audit:175] - 1. Connection.getMetaData() returned oracle.jdbc.driver.OracleDatabaseMetaData@5018868d
INFO  [audit:175] - 1. PreparedStatement.isClosed() returned false
INFO  [audit:175] - 1. PreparedStatement.close() returned 
INFO  [audit:175] - 1. Connection.clearWarnings() returned 
INFO  [MemberMapperTests:28] - MemberVO(userid=admin90, userpw=pw90, username=관리자90, enabled=false, regDate=Mon Feb 01 14:15:47 KST 2021, updateDate=Mon Feb 01 14:15:47 KST 2021, authList=[AuthVO(userid=admin90, auth=ROLE_ADMIN)])
INFO  [MemberMapperTests:30] - MemberVO(userid=admin90, userpw=pw90, username=관리자90, enabled=false, regDate=Mon Feb 01 14:15:47 KST 2021, updateDate=Mon Feb 01 14:15:47 KST 2021, authList=[AuthVO(userid=admin90, auth=ROLE_ADMIN)])
]]></system-out>
  <system-err><![CDATA[log4j:WARN No such property [tã]]>&#x97;<![CDATA[arget] in org.apache.log4j.ConsoleAppender.
]]></system-err>
</testsuite>
